2025-02-06 19:40:00 | INFO | repo=richrates | action=commit
2025-11-19 09:36:00 | INFO | repo=richrates | action=commit
2025-11-14 12:00:00 | WARN | repo=richrates | action=commit
2025-05-19 21:18:00 | INFO | repo=richrates | action=commit
2025-10-23 17:59:00 | INFO | repo=richrates | action=commit
2025-01-28 20:50:00 | DEBUG | repo=richrates | action=test | passed=true
2025-02-05 14:08:00 | DEBUG | repo=richrates | action=commit
2025-12-28 11:38:00 | WARN | repo=richrates | action=commit
2025-10-26 13:01:00 | INFO | repo=richrates | action=commit
2025-03-09 17:15:00 | INFO | repo=richrates | action=commit
2025-03-28 11:42:00 | DEBUG | repo=richrates | action=test | passed=true
2025-12-26 07:31:00 | INFO | repo=richrates | action=test | passed=true
2025-10-14 10:24:00 | INFO | repo=richrates | action=commit
2025-02-26 08:42:00 | WARN | repo=richrates | action=commit
2025-07-24 21:49:00 | INFO | repo=richrates | action=edit | files=1
2025-12-13 18:01:00 | INFO | repo=richrates | action=commit
2025-11-17 07:17:00 | DEBUG | repo=richrates | action=commit
2025-03-26 09:28:00 | WARN | repo=richrates | action=commit
2025-02-01 07:22:00 | WARN | repo=richrates | action=edit | files=4
2025-11-19 16:12:00 | DEBUG | repo=richrates | action=commit
2025-11-01 07:58:00 | INFO | repo=richrates | action=commit
2025-01-09 18:53:00 | DEBUG | repo=richrates | action=commit
2025-03-23 15:12:00 | WARN | repo=richrates | action=commit
2025-09-28 21:40:00 | DEBUG | repo=richrates | action=commit
2025-09-11 20:43:00 | INFO | repo=richrates | action=commit
2025-05-10 12:57:00 | WARN | repo=richrates | action=commit
2025-05-22 21:57:00 | INFO | repo=richrates | action=commit
2025-10-25 13:01:00 | WARN | repo=richrates | action=test | passed=true
2025-03-04 11:25:00 | INFO | repo=richrates | action=commit
2025-10-20 12:48:00 | DEBUG | repo=richrates | action=test | passed=true
2025-09-15 16:54:00 | DEBUG | repo=richrates | action=commit
2025-10-03 09:00:00 | WARN | repo=richrates | action=test | passed=true
2025-01-08 16:10:00 | DEBUG | repo=richrates | action=pull
2025-10-10 16:45:00 | DEBUG | repo=richrates | action=edit | files=1
2025-06-09 15:31:00 | DEBUG | repo=richrates | action=commit
2025-09-08 10:22:00 | WARN | repo=richrates | action=test | passed=true
2025-02-01 07:41:00 | WARN | repo=richrates | action=commit
2025-10-13 17:08:00 | INFO | repo=richrates | action=pull
2025-09-02 07:03:00 | WARN | repo=richrates | action=commit
2025-04-06 07:19:00 | DEBUG | repo=richrates | action=test | passed=true
2025-12-14 19:46:00 | WARN | repo=richrates | action=commit
2025-03-14 12:50:00 | INFO | repo=richrates | action=commit
2025-03-12 20:49:00 | WARN | repo=richrates | action=commit
2025-04-14 09:25:00 | INFO | repo=richrates | action=commit
